<?xml version="1.0" encoding="UTF-8"?>
<!-- Generated by org.testng.reporters.JUnitReportReporter -->
<testsuite skipped="0" hostname="Viveks-MacBook-Pro.local" name="com.qa.web.tests.WebFirstTest" tests="1" failures="0" timestamp="06 Jul 2019 07:06:05 GMT" time="0.009" errors="0">
  <testcase name="smampletest" time="0.009" classname="com.qa.web.tests.WebFirstTest"/>
</testsuite> <!-- com.qa.web.tests.WebFirstTest -->
